  main.cpp
C:\Users\ij325\OneDrive\문서\GitHub\pr2025classe-1-\2025,12,03,RPT1\2025,12,03,RPT1\main.cpp(2,1): error C2059: 구문 오류: 'for'
C:\Users\ij325\OneDrive\문서\GitHub\pr2025classe-1-\2025,12,03,RPT1\2025,12,03,RPT1\main.cpp(2,11): error C2143: 구문 오류: ')'이(가) ';' 앞에 없습니다.
C:\Users\ij325\OneDrive\문서\GitHub\pr2025classe-1-\2025,12,03,RPT1\2025,12,03,RPT1\main.cpp(2,18): error C2143: 구문 오류: '>'이(가) ';' 앞에 없습니다.
C:\Users\ij325\OneDrive\문서\GitHub\pr2025classe-1-\2025,12,03,RPT1\2025,12,03,RPT1\main.cpp(2,13): error C7568: 가정한 함수 템플릿 'i' 뒤에 인수 목록이 없습니다.
C:\Users\ij325\OneDrive\문서\GitHub\pr2025classe-1-\2025,12,03,RPT1\2025,12,03,RPT1\main.cpp(2,13): warning C4091: '': 변수를 선언하지 않으면 '<오류>' 왼쪽은 무시됩니다.
C:\Users\ij325\OneDrive\문서\GitHub\pr2025classe-1-\2025,12,03,RPT1\2025,12,03,RPT1\main.cpp(2,21): error C2143: 구문 오류: ';'이(가) '++' 앞에 없습니다.
C:\Users\ij325\OneDrive\문서\GitHub\pr2025classe-1-\2025,12,03,RPT1\2025,12,03,RPT1\main.cpp(2,20): error C4430: 형식 지정자가 없습니다. int로 가정합니다. 참고: C++에서는 기본 int를 지원하지 않습니다.
C:\Users\ij325\OneDrive\문서\GitHub\pr2025classe-1-\2025,12,03,RPT1\2025,12,03,RPT1\main.cpp(2,21): error C2059: 구문 오류: '++'
C:\Users\ij325\OneDrive\문서\GitHub\pr2025classe-1-\2025,12,03,RPT1\2025,12,03,RPT1\main.cpp(2,23): error C2059: 구문 오류: ')'
C:\Users\ij325\OneDrive\문서\GitHub\pr2025classe-1-\2025,12,03,RPT1\2025,12,03,RPT1\main.cpp(3,1): error C2143: 구문 오류: ';'이(가) '{' 앞에 없습니다.
C:\Users\ij325\OneDrive\문서\GitHub\pr2025classe-1-\2025,12,03,RPT1\2025,12,03,RPT1\main.cpp(3,1): error C2447: '{': 함수 헤더가 없습니다. 이전 스타일의 형식 목록입니까?
C:\Users\ij325\OneDrive\문서\GitHub\pr2025classe-1-\2025,12,03,RPT1\2025,12,03,RPT1\main.cpp(10,1): error C4430: 형식 지정자가 없습니다. int로 가정합니다. 참고: C++에서는 기본 int를 지원하지 않습니다.
C:\Users\ij325\OneDrive\문서\GitHub\pr2025classe-1-\2025,12,03,RPT1\2025,12,03,RPT1\main.cpp(10,5): error C3861: 'rand': 식별자를 찾을 수 없습니다.
C:\Users\ij325\OneDrive\문서\GitHub\pr2025classe-1-\2025,12,03,RPT1\2025,12,03,RPT1\main.cpp(11,1): error C2059: 구문 오류: 'for'
C:\Users\ij325\OneDrive\문서\GitHub\pr2025classe-1-\2025,12,03,RPT1\2025,12,03,RPT1\main.cpp(11,11): error C2143: 구문 오류: ')'이(가) ';' 앞에 없습니다.
C:\Users\ij325\OneDrive\문서\GitHub\pr2025classe-1-\2025,12,03,RPT1\2025,12,03,RPT1\main.cpp(11,15): error C2143: 구문 오류: ';'이(가) '<' 앞에 없습니다.
C:\Users\ij325\OneDrive\문서\GitHub\pr2025classe-1-\2025,12,03,RPT1\2025,12,03,RPT1\main.cpp(11,13): error C4430: 형식 지정자가 없습니다. int로 가정합니다. 참고: C++에서는 기본 int를 지원하지 않습니다.
C:\Users\ij325\OneDrive\문서\GitHub\pr2025classe-1-\2025,12,03,RPT1\2025,12,03,RPT1\main.cpp(11,13): error C2086: 'int i': 재정의
      C:\Users\ij325\OneDrive\문서\GitHub\pr2025classe-1-\2025,12,03,RPT1\2025,12,03,RPT1\main.cpp(2,20):
      'i' 선언을 참조하십시오.
  
C:\Users\ij325\OneDrive\문서\GitHub\pr2025classe-1-\2025,12,03,RPT1\2025,12,03,RPT1\main.cpp(11,15): error C2059: 구문 오류: '<'
C:\Users\ij325\OneDrive\문서\GitHub\pr2025classe-1-\2025,12,03,RPT1\2025,12,03,RPT1\main.cpp(11,21): error C2143: 구문 오류: ';'이(가) '++' 앞에 없습니다.
C:\Users\ij325\OneDrive\문서\GitHub\pr2025classe-1-\2025,12,03,RPT1\2025,12,03,RPT1\main.cpp(11,20): error C4430: 형식 지정자가 없습니다. int로 가정합니다. 참고: C++에서는 기본 int를 지원하지 않습니다.
C:\Users\ij325\OneDrive\문서\GitHub\pr2025classe-1-\2025,12,03,RPT1\2025,12,03,RPT1\main.cpp(11,20): error C2086: 'int i': 재정의
      C:\Users\ij325\OneDrive\문서\GitHub\pr2025classe-1-\2025,12,03,RPT1\2025,12,03,RPT1\main.cpp(2,20):
      'i' 선언을 참조하십시오.
  
C:\Users\ij325\OneDrive\문서\GitHub\pr2025classe-1-\2025,12,03,RPT1\2025,12,03,RPT1\main.cpp(11,21): error C2059: 구문 오류: '++'
C:\Users\ij325\OneDrive\문서\GitHub\pr2025classe-1-\2025,12,03,RPT1\2025,12,03,RPT1\main.cpp(11,23): error C2059: 구문 오류: ')'
C:\Users\ij325\OneDrive\문서\GitHub\pr2025classe-1-\2025,12,03,RPT1\2025,12,03,RPT1\main.cpp(12,1): error C2143: 구문 오류: ';'이(가) '{' 앞에 없습니다.
C:\Users\ij325\OneDrive\문서\GitHub\pr2025classe-1-\2025,12,03,RPT1\2025,12,03,RPT1\main.cpp(12,1): error C2447: '{': 함수 헤더가 없습니다. 이전 스타일의 형식 목록입니까?
C:\Users\ij325\OneDrive\문서\GitHub\pr2025classe-1-\2025,12,03,RPT1\2025,12,03,RPT1\main.cpp(20,1): error C2059: 구문 오류: 'for'
C:\Users\ij325\OneDrive\문서\GitHub\pr2025classe-1-\2025,12,03,RPT1\2025,12,03,RPT1\main.cpp(20,11): error C2143: 구문 오류: ')'이(가) ';' 앞에 없습니다.
C:\Users\ij325\OneDrive\문서\GitHub\pr2025classe-1-\2025,12,03,RPT1\2025,12,03,RPT1\main.cpp(20,15): error C2143: 구문 오류: ';'이(가) '<' 앞에 없습니다.
C:\Users\ij325\OneDrive\문서\GitHub\pr2025classe-1-\2025,12,03,RPT1\2025,12,03,RPT1\main.cpp(20,13): error C4430: 형식 지정자가 없습니다. int로 가정합니다. 참고: C++에서는 기본 int를 지원하지 않습니다.
C:\Users\ij325\OneDrive\문서\GitHub\pr2025classe-1-\2025,12,03,RPT1\2025,12,03,RPT1\main.cpp(20,13): error C2086: 'int i': 재정의
      C:\Users\ij325\OneDrive\문서\GitHub\pr2025classe-1-\2025,12,03,RPT1\2025,12,03,RPT1\main.cpp(2,20):
      'i' 선언을 참조하십시오.
  
C:\Users\ij325\OneDrive\문서\GitHub\pr2025classe-1-\2025,12,03,RPT1\2025,12,03,RPT1\main.cpp(20,15): error C2059: 구문 오류: '<'
C:\Users\ij325\OneDrive\문서\GitHub\pr2025classe-1-\2025,12,03,RPT1\2025,12,03,RPT1\main.cpp(20,21): error C2143: 구문 오류: ';'이(가) '++' 앞에 없습니다.
C:\Users\ij325\OneDrive\문서\GitHub\pr2025classe-1-\2025,12,03,RPT1\2025,12,03,RPT1\main.cpp(20,20): error C4430: 형식 지정자가 없습니다. int로 가정합니다. 참고: C++에서는 기본 int를 지원하지 않습니다.
C:\Users\ij325\OneDrive\문서\GitHub\pr2025classe-1-\2025,12,03,RPT1\2025,12,03,RPT1\main.cpp(20,20): error C2086: 'int i': 재정의
      C:\Users\ij325\OneDrive\문서\GitHub\pr2025classe-1-\2025,12,03,RPT1\2025,12,03,RPT1\main.cpp(2,20):
      'i' 선언을 참조하십시오.
  
C:\Users\ij325\OneDrive\문서\GitHub\pr2025classe-1-\2025,12,03,RPT1\2025,12,03,RPT1\main.cpp(20,21): error C2059: 구문 오류: '++'
C:\Users\ij325\OneDrive\문서\GitHub\pr2025classe-1-\2025,12,03,RPT1\2025,12,03,RPT1\main.cpp(20,23): error C2059: 구문 오류: ')'
C:\Users\ij325\OneDrive\문서\GitHub\pr2025classe-1-\2025,12,03,RPT1\2025,12,03,RPT1\main.cpp(21,1): error C2143: 구문 오류: ';'이(가) '{' 앞에 없습니다.
C:\Users\ij325\OneDrive\문서\GitHub\pr2025classe-1-\2025,12,03,RPT1\2025,12,03,RPT1\main.cpp(21,1): error C2447: '{': 함수 헤더가 없습니다. 이전 스타일의 형식 목록입니까?
C:\Users\ij325\OneDrive\문서\GitHub\pr2025classe-1-\2025,12,03,RPT1\2025,12,03,RPT1\main.cpp(31,16): error C2065: 'A': 선언되지 않은 식별자입니다.
C:\Users\ij325\OneDrive\문서\GitHub\pr2025classe-1-\2025,12,03,RPT1\2025,12,03,RPT1\main.cpp(31,11): error C3861: 'det3': 식별자를 찾을 수 없습니다.
C:\Users\ij325\OneDrive\문서\GitHub\pr2025classe-1-\2025,12,03,RPT1\2025,12,03,RPT1\main.cpp(32,1): error C2447: '{': 함수 헤더가 없습니다. 이전 스타일의 형식 목록입니까?
